10:09:40 **** Rebuild of configuration Debug for project STM ****
Info: Internal Builder is used for build
arm-none-eabi-gcc ..\Src\syscalls.c -mcpu=cortex-m4 -std=gnu11 -g3 -DDEBUG -DSTM32 -DSTM32F401C_DISCO -DSTM32F4 -DSTM32F401VCTx -c -I../Inc -IC:\Users\chinn\OneDrive\Desktop\Embedded_Systems\stm32f401xx\STM\DRIVER_DEV\Inc -O0 -ffunction-sections -fdata-sections -Wall -fstack-usage -fcyclomatic-complexity --specs=nano.specs -mfloat-abi=soft -mthumb -o Src\syscalls.o 
arm-none-eabi-gcc -mcpu=cortex-m4 -g3 -DDEBUG -c -x assembler-with-cpp --specs=nano.specs -mfloat-abi=soft -mthumb -o Startup\startup_stm32f401vctx.o ..\Startup\startup_stm32f401vctx.s 
arm-none-eabi-gcc ..\Src\led_button.c -mcpu=cortex-m4 -std=gnu11 -g3 -DDEBUG -DSTM32 -DSTM32F401C_DISCO -DSTM32F4 -DSTM32F401VCTx -c -I../Inc -IC:\Users\chinn\OneDrive\Desktop\Embedded_Systems\stm32f401xx\STM\DRIVER_DEV\Inc -O0 -ffunction-sections -fdata-sections -Wall -fstack-usage -fcyclomatic-complexity --specs=nano.specs -mfloat-abi=soft -mthumb -o Src\led_button.o 
arm-none-eabi-gcc ..\DRIVER_DEV\Src\STM32F401xx_GPIO_DRIVER.c -mcpu=cortex-m4 -std=gnu11 -g3 -DDEBUG -DSTM32 -DSTM32F401C_DISCO -DSTM32F4 -DSTM32F401VCTx -c -I../Inc -IC:\Users\chinn\OneDrive\Desktop\Embedded_Systems\stm32f401xx\STM\DRIVER_DEV\Inc -O0 -ffunction-sections -fdata-sections -Wall -fstack-usage -fcyclomatic-complexity --specs=nano.specs -mfloat-abi=soft -mthumb -o DRIVER_DEV\Src\STM32F401xx_GPIO_DRIVER.o 
In file included from C:\Users\chinn\OneDrive\Desktop\Embedded_Systems\stm32f401xx\STM\DRIVER_DEV\Inc/STM32F401xx_GPIO_DRIVER.h:10,
                 from ..\Src\led_button.c:7:
C:\Users\chinn\OneDrive\Desktop\Embedded_Systems\stm32f401xx\STM\DRIVER_DEV\Inc/stm32f401xx.h:281: warning: "I2C1_PCLK_EN" redefined
  281 | #define I2C1_PCLK_EN()     (RCC->APB1ENR &=~ (1 << 21))
      | 
C:\Users\chinn\OneDrive\Desktop\Embedded_Systems\stm32f401xx\STM\DRIVER_DEV\Inc/stm32f401xx.h:253: note: this is the location of the previous definition
  253 | #define I2C1_PCLK_EN()     (RCC->APB1ENR |= (1 << 21))
      | 
C:\Users\chinn\OneDrive\Desktop\Embedded_Systems\stm32f401xx\STM\DRIVER_DEV\Inc/stm32f401xx.h:282: warning: "I2C2_PCLK_EN" redefined
  282 | #define I2C2_PCLK_EN()     (RCC->APB1ENR &=~ (1 << 22))
      | 
C:\Users\chinn\OneDrive\Desktop\Embedded_Systems\stm32f401xx\STM\DRIVER_DEV\Inc/stm32f401xx.h:254: note: this is the location of the previous definition
  254 | #define I2C2_PCLK_EN()     (RCC->APB1ENR |= (1 << 22))
      | 
C:\Users\chinn\OneDrive\Desktop\Embedded_Systems\stm32f401xx\STM\DRIVER_DEV\Inc/stm32f401xx.h:283: warning: "I2C3_PCLK_EN" redefined
  283 | #define I2C3_PCLK_EN()     (RCC->APB1ENR &=~ (1 << 23))
      | 
C:\Users\chinn\OneDrive\Desktop\Embedded_Systems\stm32f401xx\STM\DRIVER_DEV\Inc/stm32f401xx.h:255: note: this is the location of the previous definition
  255 | #define I2C3_PCLK_EN()     (RCC->APB1ENR |= (1 << 23))
      | 
C:\Users\chinn\OneDrive\Desktop\Embedded_Systems\stm32f401xx\STM\DRIVER_DEV\Inc/stm32f401xx.h:286: warning: "USART1_PCLK_EN" redefined
  286 | #define USART1_PCLK_EN()   (RCC->APB2ENR &=~ (1 << 4))
      | 
C:\Users\chinn\OneDrive\Desktop\Embedded_Systems\stm32f401xx\STM\DRIVER_DEV\Inc/stm32f401xx.h:258: note: this is the location of the previous definition
  258 | #define USART1_PCLK_EN()   (RCC->APB2ENR |= (1 << 4))
      | 
C:\Users\chinn\OneDrive\Desktop\Embedded_Systems\stm32f401xx\STM\DRIVER_DEV\Inc/stm32f401xx.h:287: warning: "USART2_PCLK_EN" redefined
  287 | #define USART2_PCLK_EN()   (RCC->APB1ENR &=~ (1 << 17))
      | 
C:\Users\chinn\OneDrive\Desktop\Embedded_Systems\stm32f401xx\STM\DRIVER_DEV\Inc/stm32f401xx.h:259: note: this is the location of the previous definition
  259 | #define USART2_PCLK_EN()   (RCC->APB1ENR |= (1 << 17))
      | 
C:\Users\chinn\OneDrive\Desktop\Embedded_Systems\stm32f401xx\STM\DRIVER_DEV\Inc/stm32f401xx.h:288: warning: "USART6_PCLK_EN" redefined
  288 | #define USART6_PCLK_EN()   (RCC->APB2ENR &=~ (1 << 5))
      | 
C:\Users\chinn\OneDrive\Desktop\Embedded_Systems\stm32f401xx\STM\DRIVER_DEV\Inc/stm32f401xx.h:260: note: this is the location of the previous definition
  260 | #define USART6_PCLK_EN()   (RCC->APB2ENR |= (1 << 5))
      | 
arm-none-eabi-gcc ..\Src\sysmem.c -mcpu=cortex-m4 -std=gnu11 -g3 -DDEBUG -DSTM32 -DSTM32F401C_DISCO -DSTM32F4 -DSTM32F401VCTx -c -I../Inc -IC:\Users\chinn\OneDrive\Desktop\Embedded_Systems\stm32f401xx\STM\DRIVER_DEV\Inc -O0 -ffunction-sections -fdata-sections -Wall -fstack-usage -fcyclomatic-complexity --specs=nano.specs -mfloat-abi=soft -mthumb -o Src\sysmem.o 
In file included from C:\Users\chinn\OneDrive\Desktop\Embedded_Systems\stm32f401xx\STM\DRIVER_DEV\Inc/stm32f401xx_gpio_driver.h:10,
                 from ..\DRIVER_DEV\Src\STM32F401xx_GPIO_DRIVER.c:7:
C:\Users\chinn\OneDrive\Desktop\Embedded_Systems\stm32f401xx\STM\DRIVER_DEV\Inc/stm32f401xx.h:281: warning: "I2C1_PCLK_EN" redefined
  281 | #define I2C1_PCLK_EN()     (RCC->APB1ENR &=~ (1 << 21))
      | 
C:\Users\chinn\OneDrive\Desktop\Embedded_Systems\stm32f401xx\STM\DRIVER_DEV\Inc/stm32f401xx.h:253: note: this is the location of the previous definition
  253 | #define I2C1_PCLK_EN()     (RCC->APB1ENR |= (1 << 21))
      | 
C:\Users\chinn\OneDrive\Desktop\Embedded_Systems\stm32f401xx\STM\DRIVER_DEV\Inc/stm32f401xx.h:282: warning: "I2C2_PCLK_EN" redefined
  282 | #define I2C2_PCLK_EN()     (RCC->APB1ENR &=~ (1 << 22))
      | 
C:\Users\chinn\OneDrive\Desktop\Embedded_Systems\stm32f401xx\STM\DRIVER_DEV\Inc/stm32f401xx.h:254: note: this is the location of the previous definition
  254 | #define I2C2_PCLK_EN()     (RCC->APB1ENR |= (1 << 22))
      | 
C:\Users\chinn\OneDrive\Desktop\Embedded_Systems\stm32f401xx\STM\DRIVER_DEV\Inc/stm32f401xx.h:283: warning: "I2C3_PCLK_EN" redefined
  283 | #define I2C3_PCLK_EN()     (RCC->APB1ENR &=~ (1 << 23))
      | 
C:\Users\chinn\OneDrive\Desktop\Embedded_Systems\stm32f401xx\STM\DRIVER_DEV\Inc/stm32f401xx.h:255: note: this is the location of the previous definition
  255 | #define I2C3_PCLK_EN()     (RCC->APB1ENR |= (1 << 23))
      | 
C:\Users\chinn\OneDrive\Desktop\Embedded_Systems\stm32f401xx\STM\DRIVER_DEV\Inc/stm32f401xx.h:286: warning: "USART1_PCLK_EN" redefined
  286 | #define USART1_PCLK_EN()   (RCC->APB2ENR &=~ (1 << 4))
      | 
C:\Users\chinn\OneDrive\Desktop\Embedded_Systems\stm32f401xx\STM\DRIVER_DEV\Inc/stm32f401xx.h:258: note: this is the location of the previous definition
  258 | #define USART1_PCLK_EN()   (RCC->APB2ENR |= (1 << 4))
      | 
C:\Users\chinn\OneDrive\Desktop\Embedded_Systems\stm32f401xx\STM\DRIVER_DEV\Inc/stm32f401xx.h:287: warning: "USART2_PCLK_EN" redefined
  287 | #define USART2_PCLK_EN()   (RCC->APB1ENR &=~ (1 << 17))
      | 
C:\Users\chinn\OneDrive\Desktop\Embedded_Systems\stm32f401xx\STM\DRIVER_DEV\Inc/stm32f401xx.h:259: note: this is the location of the previous definition
  259 | #define USART2_PCLK_EN()   (RCC->APB1ENR |= (1 << 17))
      | 
C:\Users\chinn\OneDrive\Desktop\Embedded_Systems\stm32f401xx\STM\DRIVER_DEV\Inc/stm32f401xx.h:288: warning: "USART6_PCLK_EN" redefined
  288 | #define USART6_PCLK_EN()   (RCC->APB2ENR &=~ (1 << 5))
      | 
C:\Users\chinn\OneDrive\Desktop\Embedded_Systems\stm32f401xx\STM\DRIVER_DEV\Inc/stm32f401xx.h:260: note: this is the location of the previous definition
  260 | #define USART6_PCLK_EN()   (RCC->APB2ENR |= (1 << 5))
      | 
arm-none-eabi-gcc -o STM.elf DRIVER_DEV\Src\STM32F401xx_GPIO_DRIVER.o Src\led_button.o Src\syscalls.o Src\sysmem.o Startup\startup_stm32f401vctx.o -mcpu=cortex-m4 --specs=nosys.specs -Wl,-Map=STM.map -Wl,--gc-sections -static --specs=nano.specs -mfloat-abi=soft -mthumb -Wl,--start-group -lc -lm -Wl,--end-group 
Info: Parallel threads used: 3
10:13:46 **** Incremental Build of configuration Debug for project STM ****
Info: Internal Builder is used for build
Info: Parallel threads used: 0
10:15:17 **** Incremental Build of configuration Debug for project STM ****
Info: Internal Builder is used for build
Info: Parallel threads used: 0
